<?xml version="1.0" encoding="UTF-8"?>
<testsuite xmlns:xsi="http://www.w3.org/2001/XMLSchema-instance" xsi:noNamespaceSchemaLocation="https://maven.apache.org/surefire/maven-surefire-plugin/xsd/surefire-test-report.xsd" version="3.0.2" name="christian.springTest.SpringTestApplicationTests" time="1.931" tests="1" errors="0" skipped="0" failures="0">
  <properties>
    <property name="java.specification.version" value="21"/>
    <property name="sun.jnu.encoding" value="UTF-8"/>
    <property name="java.class.path" value="/home/christian/Documents/repo/springTest/target/test-classes:/home/christian/Documents/repo/springTest/target/classes:/root/.m2/repository/org/springframework/boot/spring-boot-starter-batch/3.4.3/spring-boot-starter-batch-3.4.3.jar:/root/.m2/repository/org/springframework/boot/spring-boot-starter/3.4.3/spring-boot-starter-3.4.3.jar:/root/.m2/repository/org/springframework/boot/spring-boot/3.4.3/spring-boot-3.4.3.jar:/root/.m2/repository/org/springframework/boot/spring-boot-autoconfigure/3.4.3/spring-boot-autoconfigure-3.4.3.jar:/root/.m2/repository/org/springframework/boot/spring-boot-starter-logging/3.4.3/spring-boot-starter-logging-3.4.3.jar:/root/.m2/repository/ch/qos/logback/logback-classic/1.5.16/logback-classic-1.5.16.jar:/root/.m2/repository/ch/qos/logback/logback-core/1.5.16/logback-core-1.5.16.jar:/root/.m2/repository/org/apache/logging/log4j/log4j-to-slf4j/2.24.3/log4j-to-slf4j-2.24.3.jar:/root/.m2/repository/org/apache/logging/log4j/log4j-api/2.24.3/log4j-api-2.24.3.jar:/root/.m2/repository/org/slf4j/jul-to-slf4j/2.0.16/jul-to-slf4j-2.0.16.jar:/root/.m2/repository/jakarta/annotation/jakarta.annotation-api/2.1.1/jakarta.annotation-api-2.1.1.jar:/root/.m2/repository/org/yaml/snakeyaml/2.3/snakeyaml-2.3.jar:/root/.m2/repository/org/springframework/boot/spring-boot-starter-jdbc/3.4.3/spring-boot-starter-jdbc-3.4.3.jar:/root/.m2/repository/com/zaxxer/HikariCP/5.1.0/HikariCP-5.1.0.jar:/root/.m2/repository/org/springframework/batch/spring-batch-core/5.2.1/spring-batch-core-5.2.1.jar:/root/.m2/repository/org/springframework/batch/spring-batch-infrastructure/5.2.1/spring-batch-infrastructure-5.2.1.jar:/root/.m2/repository/org/springframework/retry/spring-retry/2.0.11/spring-retry-2.0.11.jar:/root/.m2/repository/org/springframework/spring-aop/6.2.3/spring-aop-6.2.3.jar:/root/.m2/repository/org/springframework/spring-beans/6.2.3/spring-beans-6.2.3.jar:/root/.m2/repository/org/springframework/spring-context/6.2.3/spring-context-6.2.3.jar:/root/.m2/repository/org/springframework/spring-expression/6.2.3/spring-expression-6.2.3.jar:/root/.m2/repository/org/springframework/spring-tx/6.2.3/spring-tx-6.2.3.jar:/root/.m2/repository/io/micrometer/micrometer-core/1.14.4/micrometer-core-1.14.4.jar:/root/.m2/repository/io/micrometer/micrometer-commons/1.14.4/micrometer-commons-1.14.4.jar:/root/.m2/repository/org/hdrhistogram/HdrHistogram/2.2.2/HdrHistogram-2.2.2.jar:/root/.m2/repository/org/latencyutils/LatencyUtils/2.0.3/LatencyUtils-2.0.3.jar:/root/.m2/repository/io/micrometer/micrometer-observation/1.14.4/micrometer-observation-1.14.4.jar:/root/.m2/repository/org/springframework/data/spring-data-commons/3.4.3/spring-data-commons-3.4.3.jar:/root/.m2/repository/org/hsqldb/hsqldb/2.7.3/hsqldb-2.7.3.jar:/root/.m2/repository/org/springframework/boot/spring-boot-starter-test/3.4.3/spring-boot-starter-test-3.4.3.jar:/root/.m2/repository/org/springframework/boot/spring-boot-test/3.4.3/spring-boot-test-3.4.3.jar:/root/.m2/repository/org/springframework/boot/spring-boot-test-autoconfigure/3.4.3/spring-boot-test-autoconfigure-3.4.3.jar:/root/.m2/repository/com/jayway/jsonpath/json-path/2.9.0/json-path-2.9.0.jar:/root/.m2/repository/org/slf4j/slf4j-api/2.0.16/slf4j-api-2.0.16.jar:/root/.m2/repository/jakarta/xml/bind/jakarta.xml.bind-api/4.0.2/jakarta.xml.bind-api-4.0.2.jar:/root/.m2/repository/jakarta/activation/jakarta.activation-api/2.1.3/jakarta.activation-api-2.1.3.jar:/root/.m2/repository/net/minidev/json-smart/2.5.2/json-smart-2.5.2.jar:/root/.m2/repository/net/minidev/accessors-smart/2.5.2/accessors-smart-2.5.2.jar:/root/.m2/repository/org/ow2/asm/asm/9.7.1/asm-9.7.1.jar:/root/.m2/repository/org/assertj/assertj-core/3.26.3/assertj-core-3.26.3.jar:/root/.m2/repository/net/bytebuddy/byte-buddy/1.15.11/byte-buddy-1.15.11.jar:/root/.m2/repository/org/awaitility/awaitility/4.2.2/awaitility-4.2.2.jar:/root/.m2/repository/org/hamcrest/hamcrest/2.2/hamcrest-2.2.jar:/root/.m2/repository/org/junit/jupiter/junit-jupiter/5.11.4/junit-jupiter-5.11.4.jar:/root/.m2/repository/org/junit/jupiter/junit-jupiter-api/5.11.4/junit-jupiter-api-5.11.4.jar:/root/.m2/repository/org/opentest4j/opentest4j/1.3.0/opentest4j-1.3.0.jar:/root/.m2/repository/org/junit/platform/junit-platform-commons/1.11.4/junit-platform-commons-1.11.4.jar:/root/.m2/repository/org/apiguardian/apiguardian-api/1.1.2/apiguardian-api-1.1.2.jar:/root/.m2/repository/org/junit/jupiter/junit-jupiter-params/5.11.4/junit-jupiter-params-5.11.4.jar:/root/.m2/repository/org/junit/jupiter/junit-jupiter-engine/5.11.4/junit-jupiter-engine-5.11.4.jar:/root/.m2/repository/org/junit/platform/junit-platform-engine/1.11.4/junit-platform-engine-1.11.4.jar:/root/.m2/repository/org/mockito/mockito-core/5.14.2/mockito-core-5.14.2.jar:/root/.m2/repository/net/bytebuddy/byte-buddy-agent/1.15.11/byte-buddy-agent-1.15.11.jar:/root/.m2/repository/org/objenesis/objenesis/3.3/objenesis-3.3.jar:/root/.m2/repository/org/mockito/mockito-junit-jupiter/5.14.2/mockito-junit-jupiter-5.14.2.jar:/root/.m2/repository/org/skyscreamer/jsonassert/1.5.3/jsonassert-1.5.3.jar:/root/.m2/repository/com/vaadin/external/google/android-json/0.0.20131108.vaadin1/android-json-0.0.20131108.vaadin1.jar:/root/.m2/repository/org/springframework/spring-core/6.2.3/spring-core-6.2.3.jar:/root/.m2/repository/org/springframework/spring-jcl/6.2.3/spring-jcl-6.2.3.jar:/root/.m2/repository/org/springframework/spring-test/6.2.3/spring-test-6.2.3.jar:/root/.m2/repository/org/xmlunit/xmlunit-core/2.10.0/xmlunit-core-2.10.0.jar:/root/.m2/repository/org/springframework/batch/spring-batch-test/5.2.1/spring-batch-test-5.2.1.jar:/root/.m2/repository/org/springframework/spring-jdbc/6.2.3/spring-jdbc-6.2.3.jar:"/>
    <property name="java.vm.vendor" value="Ubuntu"/>
    <property name="sun.arch.data.model" value="64"/>
    <property name="java.vendor.url" value="https://ubuntu.com/"/>
    <property name="user.timezone" value="Europe/Berlin"/>
    <property name="os.name" value="Linux"/>
    <property name="java.vm.specification.version" value="21"/>
    <property name="APPLICATION_NAME" value="springTest"/>
    <property name="sun.java.launcher" value="SUN_STANDARD"/>
    <property name="user.country" value="US"/>
    <property name="sun.boot.library.path" value="/usr/lib/jvm/java-21-openjdk-amd64/lib"/>
    <property name="sun.java.command" value="/home/christian/Documents/repo/springTest/target/surefire/surefirebooter-20250315125414886_3.jar /home/christian/Documents/repo/springTest/target/surefire 2025-03-15T12-54-14_819-jvmRun1 surefire-20250315125414886_1tmp surefire_0-20250315125414886_2tmp"/>
    <property name="jdk.debug" value="release"/>
    <property name="surefire.test.class.path" value="/home/christian/Documents/repo/springTest/target/test-classes:/home/christian/Documents/repo/springTest/target/classes:/root/.m2/repository/org/springframework/boot/spring-boot-starter-batch/3.4.3/spring-boot-starter-batch-3.4.3.jar:/root/.m2/repository/org/springframework/boot/spring-boot-starter/3.4.3/spring-boot-starter-3.4.3.jar:/root/.m2/repository/org/springframework/boot/spring-boot/3.4.3/spring-boot-3.4.3.jar:/root/.m2/repository/org/springframework/boot/spring-boot-autoconfigure/3.4.3/spring-boot-autoconfigure-3.4.3.jar:/root/.m2/repository/org/springframework/boot/spring-boot-starter-logging/3.4.3/spring-boot-starter-logging-3.4.3.jar:/root/.m2/repository/ch/qos/logback/logback-classic/1.5.16/logback-classic-1.5.16.jar:/root/.m2/repository/ch/qos/logback/logback-core/1.5.16/logback-core-1.5.16.jar:/root/.m2/repository/org/apache/logging/log4j/log4j-to-slf4j/2.24.3/log4j-to-slf4j-2.24.3.jar:/root/.m2/repository/org/apache/logging/log4j/log4j-api/2.24.3/log4j-api-2.24.3.jar:/root/.m2/repository/org/slf4j/jul-to-slf4j/2.0.16/jul-to-slf4j-2.0.16.jar:/root/.m2/repository/jakarta/annotation/jakarta.annotation-api/2.1.1/jakarta.annotation-api-2.1.1.jar:/root/.m2/repository/org/yaml/snakeyaml/2.3/snakeyaml-2.3.jar:/root/.m2/repository/org/springframework/boot/spring-boot-starter-jdbc/3.4.3/spring-boot-starter-jdbc-3.4.3.jar:/root/.m2/repository/com/zaxxer/HikariCP/5.1.0/HikariCP-5.1.0.jar:/root/.m2/repository/org/springframework/batch/spring-batch-core/5.2.1/spring-batch-core-5.2.1.jar:/root/.m2/repository/org/springframework/batch/spring-batch-infrastructure/5.2.1/spring-batch-infrastructure-5.2.1.jar:/root/.m2/repository/org/springframework/retry/spring-retry/2.0.11/spring-retry-2.0.11.jar:/root/.m2/repository/org/springframework/spring-aop/6.2.3/spring-aop-6.2.3.jar:/root/.m2/repository/org/springframework/spring-beans/6.2.3/spring-beans-6.2.3.jar:/root/.m2/repository/org/springframework/spring-context/6.2.3/spring-context-6.2.3.jar:/root/.m2/repository/org/springframework/spring-expression/6.2.3/spring-expression-6.2.3.jar:/root/.m2/repository/org/springframework/spring-tx/6.2.3/spring-tx-6.2.3.jar:/root/.m2/repository/io/micrometer/micrometer-core/1.14.4/micrometer-core-1.14.4.jar:/root/.m2/repository/io/micrometer/micrometer-commons/1.14.4/micrometer-commons-1.14.4.jar:/root/.m2/repository/org/hdrhistogram/HdrHistogram/2.2.2/HdrHistogram-2.2.2.jar:/root/.m2/repository/org/latencyutils/LatencyUtils/2.0.3/LatencyUtils-2.0.3.jar:/root/.m2/repository/io/micrometer/micrometer-observation/1.14.4/micrometer-observation-1.14.4.jar:/root/.m2/repository/org/springframework/data/spring-data-commons/3.4.3/spring-data-commons-3.4.3.jar:/root/.m2/repository/org/hsqldb/hsqldb/2.7.3/hsqldb-2.7.3.jar:/root/.m2/repository/org/springframework/boot/spring-boot-starter-test/3.4.3/spring-boot-starter-test-3.4.3.jar:/root/.m2/repository/org/springframework/boot/spring-boot-test/3.4.3/spring-boot-test-3.4.3.jar:/root/.m2/repository/org/springframework/boot/spring-boot-test-autoconfigure/3.4.3/spring-boot-test-autoconfigure-3.4.3.jar:/root/.m2/repository/com/jayway/jsonpath/json-path/2.9.0/json-path-2.9.0.jar:/root/.m2/repository/org/slf4j/slf4j-api/2.0.16/slf4j-api-2.0.16.jar:/root/.m2/repository/jakarta/xml/bind/jakarta.xml.bind-api/4.0.2/jakarta.xml.bind-api-4.0.2.jar:/root/.m2/repository/jakarta/activation/jakarta.activation-api/2.1.3/jakarta.activation-api-2.1.3.jar:/root/.m2/repository/net/minidev/json-smart/2.5.2/json-smart-2.5.2.jar:/root/.m2/repository/net/minidev/accessors-smart/2.5.2/accessors-smart-2.5.2.jar:/root/.m2/repository/org/ow2/asm/asm/9.7.1/asm-9.7.1.jar:/root/.m2/repository/org/assertj/assertj-core/3.26.3/assertj-core-3.26.3.jar:/root/.m2/repository/net/bytebuddy/byte-buddy/1.15.11/byte-buddy-1.15.11.jar:/root/.m2/repository/org/awaitility/awaitility/4.2.2/awaitility-4.2.2.jar:/root/.m2/repository/org/hamcrest/hamcrest/2.2/hamcrest-2.2.jar:/root/.m2/repository/org/junit/jupiter/junit-jupiter/5.11.4/junit-jupiter-5.11.4.jar:/root/.m2/repository/org/junit/jupiter/junit-jupiter-api/5.11.4/junit-jupiter-api-5.11.4.jar:/root/.m2/repository/org/opentest4j/opentest4j/1.3.0/opentest4j-1.3.0.jar:/root/.m2/repository/org/junit/platform/junit-platform-commons/1.11.4/junit-platform-commons-1.11.4.jar:/root/.m2/repository/org/apiguardian/apiguardian-api/1.1.2/apiguardian-api-1.1.2.jar:/root/.m2/repository/org/junit/jupiter/junit-jupiter-params/5.11.4/junit-jupiter-params-5.11.4.jar:/root/.m2/repository/org/junit/jupiter/junit-jupiter-engine/5.11.4/junit-jupiter-engine-5.11.4.jar:/root/.m2/repository/org/junit/platform/junit-platform-engine/1.11.4/junit-platform-engine-1.11.4.jar:/root/.m2/repository/org/mockito/mockito-core/5.14.2/mockito-core-5.14.2.jar:/root/.m2/repository/net/bytebuddy/byte-buddy-agent/1.15.11/byte-buddy-agent-1.15.11.jar:/root/.m2/repository/org/objenesis/objenesis/3.3/objenesis-3.3.jar:/root/.m2/repository/org/mockito/mockito-junit-jupiter/5.14.2/mockito-junit-jupiter-5.14.2.jar:/root/.m2/repository/org/skyscreamer/jsonassert/1.5.3/jsonassert-1.5.3.jar:/root/.m2/repository/com/vaadin/external/google/android-json/0.0.20131108.vaadin1/android-json-0.0.20131108.vaadin1.jar:/root/.m2/repository/org/springframework/spring-core/6.2.3/spring-core-6.2.3.jar:/root/.m2/repository/org/springframework/spring-jcl/6.2.3/spring-jcl-6.2.3.jar:/root/.m2/repository/org/springframework/spring-test/6.2.3/spring-test-6.2.3.jar:/root/.m2/repository/org/xmlunit/xmlunit-core/2.10.0/xmlunit-core-2.10.0.jar:/root/.m2/repository/org/springframework/batch/spring-batch-test/5.2.1/spring-batch-test-5.2.1.jar:/root/.m2/repository/org/springframework/spring-jdbc/6.2.3/spring-jdbc-6.2.3.jar:"/>
    <property name="sun.cpu.endian" value="little"/>
    <property name="user.home" value="/root"/>
    <property name="user.language" value="en"/>
    <property name="java.specification.vendor" value="Oracle Corporation"/>
    <property name="java.version.date" value="2025-01-21"/>
    <property name="java.home" value="/usr/lib/jvm/java-21-openjdk-amd64"/>
    <property name="file.separator" value="/"/>
    <property name="basedir" value="/home/christian/Documents/repo/springTest"/>
    <property name="java.vm.compressedOopsMode" value="Zero based"/>
    <property name="line.separator" value="&#10;"/>
    <property name="java.vm.specification.vendor" value="Oracle Corporation"/>
    <property name="java.specification.name" value="Java Platform API Specification"/>
    <property name="FILE_LOG_CHARSET" value="UTF-8"/>
    <property name="java.awt.headless" value="true"/>
    <property name="surefire.real.class.path" value="/home/christian/Documents/repo/springTest/target/surefire/surefirebooter-20250315125414886_3.jar"/>
    <property name="sun.management.compiler" value="HotSpot 64-Bit Tiered Compilers"/>
    <property name="java.runtime.version" value="21.0.6+7-Ubuntu-124.04.1"/>
    <property name="user.name" value="root"/>
    <property name="stdout.encoding" value="UTF-8"/>
    <property name="path.separator" value=":"/>
    <property name="os.version" value="6.8.0-54-generic"/>
    <property name="java.runtime.name" value="OpenJDK Runtime Environment"/>
    <property name="file.encoding" value="UTF-8"/>
    <property name="java.vm.name" value="OpenJDK 64-Bit Server VM"/>
    <property name="localRepository" value="/root/.m2/repository"/>
    <property name="java.vendor.url.bug" value="https://bugs.launchpad.net/ubuntu/+source/openjdk-21"/>
    <property name="java.io.tmpdir" value="/tmp"/>
    <property name="idea.version" value="2024.2.2"/>
    <property name="com.zaxxer.hikari.pool_number" value="1"/>
    <property name="java.version" value="21.0.6"/>
    <property name="user.dir" value="/home/christian/Documents/repo/springTest"/>
    <property name="os.arch" value="amd64"/>
    <property name="java.vm.specification.name" value="Java Virtual Machine Specification"/>
    <property name="PID" value="7383"/>
    <property name="CONSOLE_LOG_CHARSET" value="UTF-8"/>
    <property name="native.encoding" value="UTF-8"/>
    <property name="java.library.path" value="/usr/java/packages/lib:/usr/lib/x86_64-linux-gnu/jni:/lib/x86_64-linux-gnu:/usr/lib/x86_64-linux-gnu:/usr/lib/jni:/lib:/usr/lib"/>
    <property name="java.vm.info" value="mixed mode, sharing"/>
    <property name="stderr.encoding" value="UTF-8"/>
    <property name="java.vendor" value="Ubuntu"/>
    <property name="java.vm.version" value="21.0.6+7-Ubuntu-124.04.1"/>
    <property name="sun.io.unicode.encoding" value="UnicodeLittle"/>
    <property name="java.class.version" value="65.0"/>
    <property name="LOGGED_APPLICATION_NAME" value="[springTest] "/>
  </properties>
  <testcase name="contextLoads" classname="christian.springTest.SpringTestApplicationTests" time="0.491">
    <system-out><![CDATA[12:54:15.395 [main] INFO org.springframework.test.context.support.AnnotationConfigContextLoaderUtils -- Could not detect default configuration classes for test class [christian.springTest.SpringTestApplicationTests]: SpringTestApplicationTests does not declare any static, non-private, non-final, nested classes annotated with @Configuration.
12:54:15.460 [main] INFO org.springframework.boot.test.context.SpringBootTestContextBootstrapper -- Found @SpringBootConfiguration christian.springTest.SpringTestApplication for test class christian.springTest.SpringTestApplicationTests

  .   ____          _            __ _ _
 /\\ / ___'_ __ _ _(_)_ __  __ _ \ \ \ \
( ( )\___ | '_ | '_| | '_ \/ _` | \ \ \ \
 \\/  ___)| |_)| | | | | || (_| |  ) ) ) )
  '  |____| .__|_| |_|_| |_\__, | / / / /
 =========|_|==============|___/=/_/_/_/

 :: Spring Boot ::                (v3.4.3)

2025-03-15T12:54:15.742+01:00  INFO 7383 --- [springTest] [           main] c.springTest.SpringTestApplicationTests  : Starting SpringTestApplicationTests using Java 21.0.6 with PID 7383 (started by root in /home/christian/Documents/repo/springTest)
2025-03-15T12:54:15.743+01:00  INFO 7383 --- [springTest] [           main] c.springTest.SpringTestApplicationTests  : No active profile set, falling back to 1 default profile: "default"
2025-03-15T12:54:16.215+01:00  INFO 7383 --- [springTest] [           main] com.zaxxer.hikari.HikariDataSource       : HikariPool-1 - Starting...
2025-03-15T12:54:16.434+01:00  INFO 7383 --- [springTest] [           main] com.zaxxer.hikari.pool.PoolBase          : HikariPool-1 - Driver does not support get/set network timeout for connections. (feature not supported)
2025-03-15T12:54:16.435+01:00  INFO 7383 --- [springTest] [           main] com.zaxxer.hikari.pool.HikariPool        : HikariPool-1 - Added connection org.hsqldb.jdbc.JDBCConnection@257e0827
2025-03-15T12:54:16.437+01:00  INFO 7383 --- [springTest] [           main] com.zaxxer.hikari.HikariDataSource       : HikariPool-1 - Start completed.
2025-03-15T12:54:16.646+01:00  INFO 7383 --- [springTest] [           main] c.springTest.SpringTestApplicationTests  : Started SpringTestApplicationTests in 1.1 seconds (process running for 1.713)
2025-03-15T12:54:16.648+01:00  INFO 7383 --- [springTest] [           main] o.s.b.a.b.JobLauncherApplicationRunner   : Running default command line with: []
2025-03-15T12:54:16.672+01:00  INFO 7383 --- [springTest] [           main] o.s.b.c.l.s.TaskExecutorJobLauncher      : Job: [SimpleJob: [name=importUserJob]] launched with the following parameters: [{}]
2025-03-15T12:54:16.685+01:00  INFO 7383 --- [springTest] [           main] o.s.batch.core.job.SimpleStepHandler     : Executing step: [step1]
2025-03-15T12:54:16.696+01:00  INFO 7383 --- [springTest] [           main] c.s.batchprocessing.PersonItemProcessor  : Converting (Person[firstName=Jill, lastName=Doe]) into (Person[firstName=JILL, lastName=DOE])
2025-03-15T12:54:16.698+01:00  INFO 7383 --- [springTest] [           main] c.s.batchprocessing.PersonItemProcessor  : Converting (Person[firstName=Joe, lastName=Doe]) into (Person[firstName=JOE, lastName=DOE])
2025-03-15T12:54:16.699+01:00  INFO 7383 --- [springTest] [           main] c.s.batchprocessing.PersonItemProcessor  : Converting (Person[firstName=Justin, lastName=Doe]) into (Person[firstName=JUSTIN, lastName=DOE])
2025-03-15T12:54:16.705+01:00  INFO 7383 --- [springTest] [           main] c.s.batchprocessing.PersonItemProcessor  : Converting (Person[firstName=Jane, lastName=Doe]) into (Person[firstName=JANE, lastName=DOE])
2025-03-15T12:54:16.705+01:00  INFO 7383 --- [springTest] [           main] c.s.batchprocessing.PersonItemProcessor  : Converting (Person[firstName=John, lastName=Doe]) into (Person[firstName=JOHN, lastName=DOE])
2025-03-15T12:54:16.708+01:00  INFO 7383 --- [springTest] [           main] o.s.batch.core.step.AbstractStep         : Step: [step1] executed in 22ms
2025-03-15T12:54:16.711+01:00  INFO 7383 --- [springTest] [           main] c.s.b.JobCompletionNotificationListener  : !!! JOB FINISHED! Time to verify the results
2025-03-15T12:54:16.713+01:00  INFO 7383 --- [springTest] [           main] c.s.b.JobCompletionNotificationListener  : Found <Person[firstName=JILL, lastName=DOE]> in the database.
2025-03-15T12:54:16.714+01:00  INFO 7383 --- [springTest] [           main] c.s.b.JobCompletionNotificationListener  : Found <Person[firstName=JOE, lastName=DOE]> in the database.
2025-03-15T12:54:16.714+01:00  INFO 7383 --- [springTest] [           main] c.s.b.JobCompletionNotificationListener  : Found <Person[firstName=JUSTIN, lastName=DOE]> in the database.
2025-03-15T12:54:16.714+01:00  INFO 7383 --- [springTest] [           main] c.s.b.JobCompletionNotificationListener  : Found <Person[firstName=JANE, lastName=DOE]> in the database.
2025-03-15T12:54:16.714+01:00  INFO 7383 --- [springTest] [           main] c.s.b.JobCompletionNotificationListener  : Found <Person[firstName=JOHN, lastName=DOE]> in the database.
2025-03-15T12:54:16.716+01:00  INFO 7383 --- [springTest] [           main] o.s.b.c.l.s.TaskExecutorJobLauncher      : Job: [SimpleJob: [name=importUserJob]] completed with the following parameters: [{}] and the following status: [COMPLETED] in 33ms
]]></system-out>
    <system-err><![CDATA[Mockito is currently self-attaching to enable the inline-mock-maker. This will no longer work in future releases of the JDK. Please add Mockito as an agent to your build what is described in Mockito's documentation: https://javadoc.io/doc/org.mockito/mockito-core/latest/org/mockito/Mockito.html#0.3
WARNING: A Java agent has been loaded dynamically (/root/.m2/repository/net/bytebuddy/byte-buddy-agent/1.15.11/byte-buddy-agent-1.15.11.jar)
WARNING: If a serviceability tool is in use, please run with -XX:+EnableDynamicAgentLoading to hide this warning
WARNING: If a serviceability tool is not in use, please run with -Djdk.instrument.traceUsage for more information
WARNING: Dynamic loading of agents will be disallowed by default in a future release
]]></system-err>
  </testcase>
</testsuite>